[2023-05-23T17:30:21.948447+00:00] blog.INFO: Create user command started [] []
[2023-05-23T17:30:22.064845+00:00] blog.INFO: User created: f5468ce3-6b2a-48b6-910f-9bd3a258bfb0 [] []
[2023-05-24T11:57:42.862291+00:00] blog.INFO: Create user command started [] []
[2023-05-24T11:59:59.101128+00:00] blog.INFO: Create user command started [] []
[2023-05-24T11:59:59.113497+00:00] blog.INFO: User already exists: user123 [] []
[2023-05-24T12:04:45.770580+00:00] blog.INFO: Create user command started [] []
[2023-05-24T12:07:24.869529+00:00] blog.INFO: Create user command started [] []
[2023-05-24T12:07:24.883389+00:00] blog.ERROR: User already exists: user123 {"exception":"[object] (Habr\\Renat\\Blog\\Exceptions\\CommandException(code: 0): User already exists: user123 at C:\\Users\\renat\\Documents\\NetBeansProjects\\PhpProjectHw1\\src\\Blog\\Commands\\CreateUserCommand.php:33)"} []
[2023-05-24T12:11:18.348716+00:00] blog.INFO: Create user command started [] []
[2023-05-24T12:19:26.722370+00:00] blog.INFO: Create user command started [] []
[2023-05-24T13:02:19.456953+00:00] blog.INFO: Create user command started [] []
[2023-05-24T13:02:19.642385+00:00] blog.WARNING: User already exists: user123 [] []
[2023-05-24T15:24:23.987359+00:00] blog.INFO: Post created: 4efdd38b-8578-4e67-a234-fe7dbfee5dae [] []
[2023-05-24T15:26:48.588741+00:00] blog.NOTICE: Route not found: POST /osts/create [] []
[2023-05-24T19:12:28.672610+00:00] blog.INFO: Create user command started [] []
[2023-05-24T19:12:28.686702+00:00] blog.WARNING: User already exists: user123 [] []
[2023-05-24T19:13:31.617642+00:00] blog.INFO: Create user command started [] []
[2023-05-24T19:13:31.628656+00:00] blog.WARNING: User already exists: user123 [] []
[2023-05-24T19:54:03.863243+00:00] blog.INFO: Post created: 3946a7e2-6af8-48bd-965f-cca204cd24da [] []
[2023-05-25T08:31:39.867386+00:00] blog.INFO: Create user command started [] []
[2023-05-25T08:31:39.899096+00:00] blog.INFO: Save user 81ff381c-59d5-4384-850c-5f66d53408d9 [] []
[2023-05-25T08:31:39.899435+00:00] blog.INFO: User created: 81ff381c-59d5-4384-850c-5f66d53408d9 [] []
[2023-05-27T08:01:48.289927+00:00] blog.INFO: Create user command started [] []
[2023-05-27T08:01:48.378211+00:00] blog.WARNING: Cannot found user: user1234 [] []
[2023-05-27T08:02:35.510266+00:00] blog.INFO: Create user command started [] []
[2023-05-27T08:02:35.517503+00:00] blog.WARNING: Cannot found user: user1234 [] []
[2023-05-27T08:05:56.251448+00:00] blog.INFO: Create user command started [] []
[2023-05-27T08:05:56.258430+00:00] blog.WARNING: Cannot found user: user1234 [] []
[2023-05-27T08:05:56.281491+00:00] blog.INFO: Save user 64b9ea06-f4b8-4b31-9091-9da4c4f78ae7 [] []
[2023-05-27T08:36:12.815534+00:00] blog.INFO: Save post 58ed9d3c-e968-46e7-9ba1-b65d7120b12a [] []
[2023-05-27T08:36:12.820225+00:00] blog.INFO: Post created: 58ed9d3c-e968-46e7-9ba1-b65d7120b12a [] []
[2023-05-27T08:43:10.507167+00:00] blog.INFO: Create user command started [] []
[2023-05-27T08:43:10.514379+00:00] blog.WARNING: Cannot found user: user234 [] []
[2023-05-27T08:43:10.557329+00:00] blog.INFO: Save user f4acb692-df19-4ead-8ff9-e401b082d391 [] []
[2023-05-27T08:43:59.705777+00:00] blog.WARNING: Cannot found user: user1234 [] []
[2023-05-27T08:44:35.553181+00:00] blog.INFO: Save post a54aaaf0-0fdc-4504-a673-ea8f5f8365b5 [] []
[2023-05-27T08:44:35.557742+00:00] blog.INFO: Post created: a54aaaf0-0fdc-4504-a673-ea8f5f8365b5 [] []
[2023-05-27T09:05:27.794822+00:00] blog.INFO: Create user command started [] []
[2023-05-27T09:05:27.801974+00:00] blog.WARNING: Cannot found user: user1 [] []
[2023-05-27T09:07:08.539054+00:00] blog.INFO: Create user command started [] []
[2023-05-27T09:07:08.545784+00:00] blog.WARNING: Cannot found user: user1 [] []
[2023-05-27T09:07:08.568729+00:00] blog.INFO: Save user f9b422ca-f5a7-44b3-895d-a3b76a4482ea [] []
[2023-05-27T09:07:08.569061+00:00] blog.INFO: User created: f9b422ca-f5a7-44b3-895d-a3b76a4482ea [] []
[2023-05-27T09:07:46.982734+00:00] blog.INFO: Save post e61f26bb-67a2-4256-9f34-857a0584cc6a [] []
[2023-05-27T09:07:46.988330+00:00] blog.INFO: Post created: e61f26bb-67a2-4256-9f34-857a0584cc6a [] []
[2023-05-27T09:07:56.706891+00:00] blog.INFO: Save post 0d031533-2b27-486e-af14-6cd563cc0e6d [] []
[2023-05-27T09:07:56.711287+00:00] blog.INFO: Post created: 0d031533-2b27-486e-af14-6cd563cc0e6d [] []
[2023-05-27T09:16:10.971542+00:00] blog.INFO: Create user command started [] []
[2023-05-27T09:16:10.978664+00:00] blog.WARNING: Cannot found user: user2 [] []
[2023-05-27T09:16:51.817062+00:00] blog.INFO: Create user command started [] []
[2023-05-27T09:16:51.826461+00:00] blog.WARNING: Cannot found user: user2 [] []
[2023-05-27T09:17:33.606193+00:00] blog.INFO: Create user command started [] []
[2023-05-27T09:17:33.613081+00:00] blog.WARNING: Cannot found user: user2 [] []
[2023-05-27T09:20:34.003956+00:00] blog.INFO: Create user command started [] []
[2023-05-27T09:20:34.011521+00:00] blog.WARNING: Cannot found user: user2 [] []
[2023-05-27T09:20:34.034829+00:00] blog.INFO: Save user c25d03de-a2a6-4f5d-89ce-8c972613e291 [] []
[2023-05-27T09:20:34.035173+00:00] blog.INFO: User created: c25d03de-a2a6-4f5d-89ce-8c972613e291 [] []
[2023-05-27T09:21:25.656430+00:00] blog.INFO: Save post 8eb8f936-c2b8-4b0f-80ca-c09e5e9f06b5 [] []
[2023-05-27T09:21:25.662092+00:00] blog.INFO: Post created: 8eb8f936-c2b8-4b0f-80ca-c09e5e9f06b5 [] []
[2023-05-28T17:03:09.119456+00:00] blog.WARNING: Cannot found user: user4 [] []
[2023-05-28T19:01:20.024903+00:00] blog.INFO: Save post 4b1534cd-082c-4e8c-8615-298a0bdccb62 [] []
[2023-05-28T19:01:20.110628+00:00] blog.INFO: Post created: 4b1534cd-082c-4e8c-8615-298a0bdccb62 [] []
[2023-05-30T10:57:06.903592+00:00] blog.WARNING: Cannot found user: user1234567 [] []
[2023-05-30T10:57:07.134043+00:00] blog.INFO: Save user 7c044ede-fc19-4f32-828a-f2766ca5c564 [] []
[2023-05-30T17:54:46.159671+00:00] blog.WARNING: Cannot found post: 8a0197b8-0504-4aa8-bf41-b3f16088bd9a [] []
[2023-05-30T18:20:50.530427+00:00] blog.INFO: Save user 7c044ede-fc19-4f32-828a-f2766ca5c564 [] []
[2023-05-30T18:21:24.973599+00:00] blog.INFO: Save user 7c044ede-fc19-4f32-828a-f2766ca5c564 [] []
[2023-05-30T18:34:39.061413+00:00] blog.INFO: Save user 95c4b13d-ea3c-4d55-aa6c-f3ba3278838a [] []
[2023-05-30T18:34:39.085262+00:00] blog.INFO: Save user 3ba2ec9d-e57e-4768-a864-2d6ce18cc690 [] []
[2023-05-30T18:34:39.104402+00:00] blog.INFO: Save user f329e875-961d-4ca2-b9c1-a497bd7738d6 [] []
[2023-05-30T18:34:39.122379+00:00] blog.INFO: Save user 00977c54-2907-4dc3-9115-4976cd8a449e [] []
[2023-05-30T18:34:39.141174+00:00] blog.INFO: Save user 33843d12-e8fc-4785-959d-d9e6b795bfeb [] []
[2023-05-30T18:34:39.160758+00:00] blog.INFO: Save user 69cd41f7-8f61-4deb-9e76-dbb61101bf27 [] []
[2023-05-30T18:34:39.178951+00:00] blog.INFO: Save user 5f719596-225e-4883-bd10-09ac8b4822b6 [] []
[2023-05-30T18:34:39.197771+00:00] blog.INFO: Save user 59ba9d43-ad78-4219-980b-324c3b7742b2 [] []
[2023-05-30T18:34:39.217678+00:00] blog.INFO: Save user 604945c5-0dda-4f52-8913-4c2318abb78a [] []
[2023-05-30T18:34:39.237503+00:00] blog.INFO: Save user 1ee0a759-38a7-4967-ae42-7eff1e08ed5a [] []
[2023-05-30T18:37:48.932222+00:00] blog.INFO: Save user 1dbda656-bb87-4e36-82bd-2fb171762013 [] []
[2023-05-30T18:37:48.955349+00:00] blog.INFO: Save user c89003db-967f-4f2b-9c38-70ccbeb72a4a [] []
[2023-05-30T18:37:48.974453+00:00] blog.INFO: Save user 71051ecf-222a-46ee-a1d3-e74e3616e267 [] []
[2023-05-30T18:37:48.993496+00:00] blog.INFO: Save user feb34954-b85d-4a9a-87d8-ca08186bf868 [] []
[2023-05-30T18:37:49.012532+00:00] blog.INFO: Save user af1edb8f-7e82-4251-bdf8-578788c2083b [] []
[2023-05-30T18:37:49.030905+00:00] blog.INFO: Save user c397ba51-e117-4198-b846-ff2ba6eeed10 [] []
[2023-05-30T18:37:49.048181+00:00] blog.INFO: Save user c909f4b3-0f1f-4ab1-b4d3-6933c7c6c807 [] []
[2023-05-30T18:37:49.066611+00:00] blog.INFO: Save user d7d3b28b-004c-408f-ac29-9b4892b1ea7f [] []
[2023-05-30T18:37:49.084054+00:00] blog.INFO: Save user 3f89d0e7-bbba-4e88-bb12-30108c8cdf90 [] []
[2023-05-30T18:37:49.101590+00:00] blog.INFO: Save user 77b6520c-1575-4cc1-8a4a-cc3cf95d68d7 [] []
[2023-05-30T18:37:49.325321+00:00] blog.INFO: Save post 075f4983-9cbf-4c11-8e54-031b15b9e34b [] []
[2023-05-30T18:37:49.348287+00:00] blog.INFO: Save post 8023663b-e49c-415e-93e0-717483e0ee67 [] []
[2023-05-30T18:37:49.376894+00:00] blog.INFO: Save post 37b30140-f3c2-47ee-a669-f04749399dec [] []
[2023-05-30T18:37:49.398142+00:00] blog.INFO: Save post b15cbe54-4128-456d-accc-f5059345f48f [] []
[2023-05-30T18:37:49.420250+00:00] blog.INFO: Save post b33dfa7c-cc1a-4149-9ee7-c8ae9419f31c [] []
[2023-05-30T18:37:49.442814+00:00] blog.INFO: Save post d08dde01-1939-4e06-b464-c361b095c802 [] []
[2023-05-30T18:37:49.463804+00:00] blog.INFO: Save post 21f09795-a209-487b-b4f3-93c6e4be5df2 [] []
[2023-05-30T18:37:49.486278+00:00] blog.INFO: Save post 01f16634-1be8-4977-84cb-d9ff32c992a7 [] []
[2023-05-30T18:37:49.508439+00:00] blog.INFO: Save post b936fddb-434a-4e6b-a58e-a7d550bb5782 [] []
[2023-05-30T18:37:49.532621+00:00] blog.INFO: Save post 5ff9dc1c-66d3-4604-af65-e8a5a18762a0 [] []
[2023-05-30T18:37:49.560469+00:00] blog.INFO: Save post 84fb95d1-0464-4513-a6cc-430d6863943d [] []
[2023-05-30T18:37:49.583733+00:00] blog.INFO: Save post 0b1e70b7-ae43-4eb8-8110-2cc1d164d472 [] []
[2023-05-30T18:37:49.607986+00:00] blog.INFO: Save post 9661b009-7230-4a9a-a5c2-8766f4519a2a [] []
[2023-05-30T18:37:49.630240+00:00] blog.INFO: Save post 4dc56826-32cf-42ce-a9af-2fd877d5410e [] []
[2023-05-30T18:37:49.654245+00:00] blog.INFO: Save post 7fd5e82c-5502-4e89-81c2-1f441dcaa904 [] []
[2023-05-30T18:37:49.675678+00:00] blog.INFO: Save post e2225101-c38e-43a2-8b4f-8b20695c630c [] []
[2023-05-30T18:37:49.698044+00:00] blog.INFO: Save post 296cd8c1-ac2e-4621-a0cd-3f773c1e3ff2 [] []
[2023-05-30T18:37:49.719647+00:00] blog.INFO: Save post 62464a69-5201-4be8-8fd5-4fec8c2c7c82 [] []
[2023-05-30T18:37:49.742915+00:00] blog.INFO: Save post a83152ea-5326-466c-96fc-2d44fb09c416 [] []
[2023-05-30T18:37:49.764381+00:00] blog.INFO: Save post dd840821-c16b-486e-9d55-e248d18ccc88 [] []
[2023-05-30T18:37:49.786518+00:00] blog.INFO: Save post 7029273c-3c36-4ae1-ab8e-2b474b3bf062 [] []
[2023-05-30T18:37:49.807397+00:00] blog.INFO: Save post b824c6e6-d79c-4599-b9b2-cc82c0d86a36 [] []
[2023-05-30T18:37:49.829224+00:00] blog.INFO: Save post e4b03ece-86c5-4e12-8cbc-1f04060ee7eb [] []
[2023-05-30T18:37:49.850964+00:00] blog.INFO: Save post 518388ab-d014-4885-9e6a-42154523c37c [] []
[2023-05-30T18:37:49.873926+00:00] blog.INFO: Save post f14d0a04-5e57-44c8-a5dc-161c7c0040bd [] []
[2023-05-30T18:37:49.895940+00:00] blog.INFO: Save post 987bf0e2-674f-4687-afcc-969c82b4af74 [] []
[2023-05-30T18:37:49.917967+00:00] blog.INFO: Save post c273ecfb-0744-4ce2-a876-583626c9e2bb [] []
[2023-05-30T18:37:49.939433+00:00] blog.INFO: Save post 4a1c0aa5-5dc2-457b-97e5-5265dcd62b28 [] []
[2023-05-30T18:37:49.960298+00:00] blog.INFO: Save post 22eef031-6fb5-4040-8b66-ec96adba9ef6 [] []
[2023-05-30T18:37:49.982263+00:00] blog.INFO: Save post 3638460e-06d9-4ab4-93af-11302c9a9bfb [] []
[2023-05-30T18:37:50.001815+00:00] blog.INFO: Save post e35b3e87-bd8e-491f-ae71-6dc61f9453f9 [] []
[2023-05-30T18:37:50.022068+00:00] blog.INFO: Save post 2994ce49-9f5a-4f37-a825-12fb29f6b8c7 [] []
[2023-05-30T18:37:50.044189+00:00] blog.INFO: Save post 9c3e14fe-425d-4174-b062-5df87e7403af [] []
[2023-05-30T18:37:50.063775+00:00] blog.INFO: Save post 55a114ad-fcce-4ed3-8d1b-8c470eaad1e2 [] []
[2023-05-30T18:37:50.084770+00:00] blog.INFO: Save post da7e7ccb-b7df-4a20-b861-0e11da0b0f35 [] []
[2023-05-30T18:37:50.105627+00:00] blog.INFO: Save post f4b65d35-0f14-4a47-a469-907052301399 [] []
[2023-05-30T18:37:50.126430+00:00] blog.INFO: Save post 9e127cf4-6b3b-4d01-b37d-3362f9d40ae3 [] []
[2023-05-30T18:37:50.149021+00:00] blog.INFO: Save post 5841f377-58ca-438f-b9a2-8cec64bd759a [] []
[2023-05-30T18:37:50.168693+00:00] blog.INFO: Save post 052bf635-d755-4a0e-a7d8-6e0d49c20a83 [] []
[2023-05-30T18:37:50.188747+00:00] blog.INFO: Save post 1c366bbc-bc3b-4547-b36d-96e213ad5558 [] []
[2023-05-30T18:37:50.212969+00:00] blog.INFO: Save post 83f978d1-9a52-4878-a8ba-d808db49f6e1 [] []
[2023-05-30T18:37:50.233178+00:00] blog.INFO: Save post 5938c7ea-3557-4e04-b063-bf66c4da855a [] []
[2023-05-30T18:37:50.255412+00:00] blog.INFO: Save post 823c46c1-e6e8-4738-bf50-0e3e6ac1e8d6 [] []
[2023-05-30T18:37:50.275473+00:00] blog.INFO: Save post 5f1b900b-fae4-4465-9635-6745fc34bfb4 [] []
[2023-05-30T18:37:50.296628+00:00] blog.INFO: Save post 274ca9a5-9259-4ec3-ae2d-330da322356f [] []
[2023-05-30T18:37:50.317458+00:00] blog.INFO: Save post 68d71e0b-a9d8-4fdc-a0c3-a2a078ed65fc [] []
[2023-05-30T18:37:50.338488+00:00] blog.INFO: Save post ba905908-0524-4034-a2a2-b0c982fa5465 [] []
[2023-05-30T18:37:50.359796+00:00] blog.INFO: Save post a3923913-437e-4a16-8aaf-0b5b0c715114 [] []
[2023-05-30T18:37:50.381276+00:00] blog.INFO: Save post 70d6135d-cebd-4115-bdf6-ffb57089bd42 [] []
[2023-05-30T18:37:50.404128+00:00] blog.INFO: Save post 4542116d-0dda-41f5-b392-884cbbf7c9b3 [] []
[2023-05-30T18:37:50.426344+00:00] blog.INFO: Save post 24134636-76d8-4884-9ce3-da80062da889 [] []
[2023-05-30T18:37:50.488886+00:00] blog.INFO: Save post f7343e46-8b07-462c-a84d-6c8b722c18a3 [] []
[2023-05-30T18:37:50.605874+00:00] blog.INFO: Save post 9657f6c9-7f37-4982-9a35-b03e84097b84 [] []
[2023-05-30T18:37:50.625326+00:00] blog.INFO: Save post 8dc88fca-9ff4-4b23-8ba8-e76028d387ae [] []
[2023-05-30T18:37:50.646523+00:00] blog.INFO: Save post 21cd43be-ccc8-4cca-b0b0-f06dc0c28e4e [] []
[2023-05-30T18:37:50.667773+00:00] blog.INFO: Save post 548e591b-5ca9-47eb-a65c-84210fc43520 [] []
[2023-05-30T18:37:50.690344+00:00] blog.INFO: Save post 716e7d4e-edb7-4215-82f2-30a2f0e8eb9e [] []
[2023-05-30T18:37:50.711499+00:00] blog.INFO: Save post 20bb456f-11b3-46ac-8522-1309a36923f8 [] []
[2023-05-30T18:37:50.732567+00:00] blog.INFO: Save post e8ee58e7-1b87-444a-b117-f1136089bd7e [] []
[2023-05-30T18:37:50.753158+00:00] blog.INFO: Save post c9ceca47-5363-40ca-bf14-c661c85ab4a6 [] []
[2023-05-30T18:37:50.775678+00:00] blog.INFO: Save post 92a3aee2-1bff-4276-915b-bba2e2e18ec3 [] []
[2023-05-30T18:37:50.799257+00:00] blog.INFO: Save post 6ef04e81-7969-4ca1-8187-3334f453c297 [] []
[2023-05-30T18:37:50.819126+00:00] blog.INFO: Save post e854c19d-621f-4e59-a671-64f81a98d073 [] []
[2023-05-30T18:37:50.839016+00:00] blog.INFO: Save post 752de26d-c8d2-4eca-90e3-7f420d0277bc [] []
[2023-05-30T18:37:50.860403+00:00] blog.INFO: Save post 4b3bfb5f-6207-4629-b6c0-ba67f7ccf5c9 [] []
[2023-05-30T18:37:50.880397+00:00] blog.INFO: Save post 2f614e49-36a1-4556-907c-575b721dcd0a [] []
[2023-05-30T18:37:50.903175+00:00] blog.INFO: Save post 4586774d-eb77-4f42-9bfd-a8a31c8fc66f [] []
[2023-05-30T18:37:50.923792+00:00] blog.INFO: Save post af1a27e0-8eab-4fb7-b300-fcb8dd2d1a0b [] []
[2023-05-30T18:37:50.944161+00:00] blog.INFO: Save post a6ce04c8-3ef1-4cd4-b014-ad4dfec31bce [] []
[2023-05-30T18:37:50.968947+00:00] blog.INFO: Save post 3c5ae569-3b73-4ff7-bef8-d676cc1badcb [] []
[2023-05-30T18:37:50.989374+00:00] blog.INFO: Save post 5f5d3892-4694-4fa7-9e5c-4d0a7a45c6b7 [] []
[2023-05-30T18:37:51.009823+00:00] blog.INFO: Save post 5594207b-71b4-4203-b16f-86c88c078325 [] []
[2023-05-30T18:37:51.029674+00:00] blog.INFO: Save post ef3e3500-d9b3-4136-85ee-3357d3090751 [] []
[2023-05-30T18:37:51.051400+00:00] blog.INFO: Save post 2176fd58-d3c1-4691-a5f0-182cfba7ccee [] []
[2023-05-30T18:37:51.072375+00:00] blog.INFO: Save post 91e71abe-22ab-4411-819d-4129ae117f43 [] []
[2023-05-30T18:37:51.094842+00:00] blog.INFO: Save post 5335d398-a25a-4ffd-a321-f252676ee73a [] []
[2023-05-30T18:37:51.120095+00:00] blog.INFO: Save post f21da26f-ab4a-47e4-b03a-4c88585da080 [] []
[2023-05-30T18:37:51.142872+00:00] blog.INFO: Save post 72886b00-a8d1-4f34-902c-51ca8323f3d5 [] []
[2023-05-30T18:37:51.163729+00:00] blog.INFO: Save post fd5b0403-d997-4fab-9527-019e8ff0661a [] []
[2023-05-30T18:37:51.184519+00:00] blog.INFO: Save post 25e0b360-18c0-4624-ac0d-1bd26cb2e355 [] []
[2023-05-30T18:37:51.206272+00:00] blog.INFO: Save post b0f54f90-26c6-46c6-bc99-ca1937d7cd60 [] []
[2023-05-30T18:37:51.226417+00:00] blog.INFO: Save post afda2bc8-bd34-4d3f-9c4c-a1518f478fde [] []
[2023-05-30T18:37:51.246471+00:00] blog.INFO: Save post 9f1279a1-10bf-455f-bdec-968b47679805 [] []
[2023-05-30T18:37:51.267880+00:00] blog.INFO: Save post e6dfd249-5f2d-4b23-b2fb-661c70c8eb19 [] []
[2023-05-30T18:37:51.287392+00:00] blog.INFO: Save post d91dd631-e2c9-46ed-aa18-8ae05806e546 [] []
[2023-05-30T18:37:51.308969+00:00] blog.INFO: Save post 1253a135-5d43-4787-9472-04f3787bbfbb [] []
[2023-05-30T18:37:51.328914+00:00] blog.INFO: Save post c5b0d797-12e6-4590-b015-b2d80f674ddd [] []
[2023-05-30T18:37:51.354181+00:00] blog.INFO: Save post 560ec262-3506-4adf-bb50-f7ae292856a1 [] []
[2023-05-30T18:37:51.373398+00:00] blog.INFO: Save post e2a1a860-2b54-4ccb-b86f-34675fb85d4d [] []
[2023-05-30T18:37:51.395074+00:00] blog.INFO: Save post a4e85b4f-82c9-405e-8d25-f0b71da427d6 [] []
[2023-05-30T18:37:51.414327+00:00] blog.INFO: Save post 15428ab7-73e2-4ece-8c21-65fd7a0f7c97 [] []
[2023-05-30T18:37:51.435037+00:00] blog.INFO: Save post 37b01489-3a2b-4277-a358-1cdf1ffd3f4e [] []
[2023-05-30T18:37:51.458194+00:00] blog.INFO: Save post 2121adb7-9dbe-4ecf-a866-5828c0560d10 [] []
[2023-05-30T18:37:51.479328+00:00] blog.INFO: Save post 3c595467-2d64-469c-bf54-fdc00c4dfe59 [] []
[2023-05-30T18:37:51.500994+00:00] blog.INFO: Save post 7717b814-3f89-4b24-88e5-f94f2e10692a [] []
[2023-05-30T18:37:51.522912+00:00] blog.INFO: Save post 70bc0060-2b5e-4648-9d1b-84d7817f54cc [] []
[2023-05-30T18:37:51.543502+00:00] blog.INFO: Save post 3034e19c-9d78-4cb4-9d59-fe9c5c88b16f [] []
[2023-05-30T18:37:51.564605+00:00] blog.INFO: Save post f312364b-6346-4efb-b2f4-c630154fa8ea [] []
[2023-05-30T18:37:51.587747+00:00] blog.INFO: Save post 1a49a5cd-fbe8-45e7-ae7d-43cc9399cc28 [] []
[2023-05-30T18:37:51.608481+00:00] blog.INFO: Save post 97a7a1f5-1982-4923-8857-09795d184b0f [] []
[2023-05-30T18:37:51.633163+00:00] blog.INFO: Save post 93bbc3de-22ae-467f-85e7-ad2c30c77eb6 [] []
[2023-05-30T18:37:51.659913+00:00] blog.INFO: Save post 417d4ec0-c084-41ac-b23c-aa2489561db6 [] []
[2023-05-30T18:37:51.687362+00:00] blog.INFO: Save post fca62a34-36b3-4f07-92d8-7d8ff3b6c7f3 [] []
[2023-05-30T18:37:51.707037+00:00] blog.INFO: Save post d7114101-c797-4546-a30d-e758eef8bce8 [] []
[2023-05-30T18:37:51.728070+00:00] blog.INFO: Save post c8228579-fe8a-47bb-bba5-f1add425db92 [] []
[2023-05-30T18:37:51.749597+00:00] blog.INFO: Save post 520576b4-f91d-4634-8174-b3a1e099fdef [] []
[2023-05-30T18:37:51.771223+00:00] blog.INFO: Save post 735dbc84-89c2-4b0d-9975-fe205d7befb8 [] []
[2023-05-30T18:37:51.791397+00:00] blog.INFO: Save post f73fc25e-4a1c-43a7-bb0a-6698deaa080b [] []
[2023-05-30T18:37:51.811323+00:00] blog.INFO: Save post d154f180-c02b-4861-b52f-836c0fc8420b [] []
[2023-05-30T18:37:51.832812+00:00] blog.INFO: Save post d2025291-384c-4bbe-9a2a-e40afc52d95e [] []
[2023-05-30T18:37:51.852456+00:00] blog.INFO: Save post 1f841ca2-d3b3-4b5d-8747-151bd8a62e3f [] []
[2023-05-30T18:37:51.875757+00:00] blog.INFO: Save post 4901ca51-9071-4df7-acec-5722285c71a2 [] []
[2023-05-30T18:37:51.895342+00:00] blog.INFO: Save post 6e1b6abd-b5d0-4857-8770-f6cd74717bc5 [] []
[2023-05-30T18:37:51.917037+00:00] blog.INFO: Save post 15872fc8-cbbf-4781-a8fd-452a409dd2b9 [] []
[2023-05-30T18:37:51.938884+00:00] blog.INFO: Save post b1224be1-26a1-4f74-aa74-be45c91319dd [] []
[2023-05-30T18:37:51.999595+00:00] blog.INFO: Save post 0eca9465-5bb9-4a13-9a91-549749172cf0 [] []
[2023-05-30T18:37:52.056422+00:00] blog.INFO: Save post ea38b9c7-59db-4a2b-910a-624b15848a7a [] []
[2023-05-30T18:37:52.081096+00:00] blog.INFO: Save post bb020e43-7605-498f-8deb-2a76d7eef2b8 [] []
[2023-05-30T18:37:52.103185+00:00] blog.INFO: Save post 9b8e5650-f6fe-422c-853b-c93252b88e36 [] []
[2023-05-30T18:37:52.131745+00:00] blog.INFO: Save post 25fe73b3-9278-4003-8843-7ab33d89ce1d [] []
[2023-05-30T18:37:52.155977+00:00] blog.INFO: Save post 7fdd88b0-5d38-4b28-a214-9a83a5b802e2 [] []
[2023-05-30T18:37:52.177903+00:00] blog.INFO: Save post b51e2a0f-91e1-4212-9aac-2d186d7d5128 [] []
[2023-05-30T18:37:52.202643+00:00] blog.INFO: Save post ebc6bcbf-b62b-46ea-85ad-8e6c839903f9 [] []
[2023-05-30T18:37:52.224144+00:00] blog.INFO: Save post 793ae160-1cd3-4621-a3d1-d9733d9e21da [] []
[2023-05-30T18:37:52.253952+00:00] blog.INFO: Save post 985080ed-95d1-437f-b2df-df945f7a8951 [] []
[2023-05-30T18:37:52.279571+00:00] blog.INFO: Save post e62f9d28-1d7e-48ec-99ea-4f441267725d [] []
[2023-05-30T18:37:52.299869+00:00] blog.INFO: Save post 623b5aad-4f12-4c04-94a7-6b8bd0633df2 [] []
[2023-05-30T18:37:52.322270+00:00] blog.INFO: Save post a8bcfab5-3af1-4d5b-bf05-899b772e6e97 [] []
[2023-05-30T18:37:52.357979+00:00] blog.INFO: Save post 54df9888-0110-4911-abf4-3d798e1bf73f [] []
[2023-05-30T18:37:52.417643+00:00] blog.INFO: Save post b436fa39-aeb5-45d5-8302-8dc4ff487ee0 [] []
[2023-05-30T18:37:52.439802+00:00] blog.INFO: Save post b93f822a-caa0-438a-8fca-0edc53433463 [] []
[2023-05-30T18:37:52.461365+00:00] blog.INFO: Save post 352a4717-542d-4384-ab0d-9ddd6eed60f0 [] []
[2023-05-30T18:37:52.482995+00:00] blog.INFO: Save post c09d5e51-9b1d-4955-840b-cb998edc6acc [] []
[2023-05-30T18:37:52.504623+00:00] blog.INFO: Save post 61284cc0-60b5-4ea1-b02b-64bd998caa34 [] []
[2023-05-30T18:37:52.524994+00:00] blog.INFO: Save post e29aec3e-92bc-4b0b-9f31-06feea04eebd [] []
[2023-05-30T18:37:52.547755+00:00] blog.INFO: Save post a5c6a152-42d0-4633-9374-b07575a1825d [] []
[2023-05-30T18:37:52.569624+00:00] blog.INFO: Save post 2df7ca4f-d91a-4040-bedd-5bc6542b1905 [] []
[2023-05-30T18:37:52.592250+00:00] blog.INFO: Save post b7d0b96d-6e19-4bdf-8d65-85f7e9e2b257 [] []
[2023-05-30T18:37:52.612763+00:00] blog.INFO: Save post 8720fce9-ff46-4cbd-a0a9-4bdbfd9a8c95 [] []
[2023-05-30T18:37:52.634428+00:00] blog.INFO: Save post 54234979-fc95-4999-ab87-e6c741491094 [] []
[2023-05-30T18:37:52.659048+00:00] blog.INFO: Save post 6f153055-0162-4511-bc89-4d0235556d31 [] []
[2023-05-30T18:37:52.680630+00:00] blog.INFO: Save post bcf96ba2-2433-4e18-b8f9-6862e95fb522 [] []
[2023-05-30T18:37:52.704379+00:00] blog.INFO: Save post a9cda40b-b11c-43da-9aaa-c97320c5751e [] []
[2023-05-30T18:37:52.727680+00:00] blog.INFO: Save post cb224850-d86f-4d19-8ddf-bcef832ab3f6 [] []
[2023-05-30T18:37:52.749145+00:00] blog.INFO: Save post bae7d018-9a28-42ca-a035-92beeef10d5c [] []
[2023-05-30T18:37:52.770237+00:00] blog.INFO: Save post 185d3327-f2fe-4c1d-b7db-a0e11c81f5e0 [] []
[2023-05-30T18:37:52.791522+00:00] blog.INFO: Save post 21c7fef2-fb7f-40c9-9308-b09ed250368a [] []
[2023-05-30T18:37:52.814464+00:00] blog.INFO: Save post fe02968a-89dc-45df-b2d7-f752551deeb9 [] []
[2023-05-30T18:37:52.836186+00:00] blog.INFO: Save post 6a11ebd5-bcd5-4b3a-99a4-985eb10767a0 [] []
[2023-05-30T18:37:52.859455+00:00] blog.INFO: Save post f2c0ad56-1cc9-4afd-91fd-c8f2b713abcc [] []
[2023-05-30T18:37:52.883989+00:00] blog.INFO: Save post e196ab79-5f03-4266-bd62-28613cfd5262 [] []
[2023-05-30T18:37:52.907934+00:00] blog.INFO: Save post 32b61a1a-1e7b-45a9-b760-a1ce1a00ffab [] []
[2023-05-30T18:37:52.929490+00:00] blog.INFO: Save post e45b3549-31a8-4a66-a4b8-0893371c1a59 [] []
[2023-05-30T18:37:52.951060+00:00] blog.INFO: Save post 2c20855b-71d4-4b2d-b4bd-33d8bf1fd2fb [] []
[2023-05-30T18:37:52.975959+00:00] blog.INFO: Save post 75ec5138-d108-48a9-8058-1d639a0b8d3e [] []
[2023-05-30T18:37:52.997894+00:00] blog.INFO: Save post 02585d4b-aa33-4144-a57e-ae6ef3f0a648 [] []
[2023-05-30T18:37:53.020612+00:00] blog.INFO: Save post 8bc3a574-a401-4bbf-ab96-adae91a60400 [] []
[2023-05-30T18:37:53.044334+00:00] blog.INFO: Save post 23c33d43-1e25-4704-8555-680975c575eb [] []
[2023-05-30T18:37:53.067258+00:00] blog.INFO: Save post 75fa8446-0466-4eab-a0bd-450c87b83ae8 [] []
[2023-05-30T18:37:53.089349+00:00] blog.INFO: Save post e196ed55-772f-456f-a51c-03fd78c64fbe [] []
[2023-05-30T18:37:53.125180+00:00] blog.INFO: Save post 9d5d0533-ba35-420e-97fd-516599bf251e [] []
[2023-05-30T18:37:53.171511+00:00] blog.INFO: Save post 83d014b4-2ac2-4b30-8505-7c9f12a9da11 [] []
[2023-05-30T18:37:53.203839+00:00] blog.INFO: Save post 5c2036e3-9719-4893-b041-94f413fd0ca4 [] []
[2023-05-30T18:37:53.237951+00:00] blog.INFO: Save post b9a51ad3-af9e-4a43-92a1-efe99895357c [] []
[2023-05-30T18:37:53.262476+00:00] blog.INFO: Save post 965f1e0f-d44c-43b2-9d67-066f50c604f4 [] []
[2023-05-30T18:37:53.292385+00:00] blog.INFO: Save post be25de3c-123e-4dc7-aadd-960e678757e2 [] []
[2023-05-30T18:37:53.315348+00:00] blog.INFO: Save post 31bf5565-91fb-4b6a-901d-e0087d8ca389 [] []
[2023-05-30T18:37:53.335747+00:00] blog.INFO: Save post 3213cbdc-2e90-4b6e-b346-532949c6ddb6 [] []
[2023-05-30T18:37:53.359173+00:00] blog.INFO: Save post 3696a73c-0189-42fc-ad70-2212ac3f67fa [] []
[2023-05-30T18:37:53.381597+00:00] blog.INFO: Save post e485bf7d-5ef5-4292-9f70-82cfc32de8ba [] []
[2023-05-30T18:37:53.403064+00:00] blog.INFO: Save post 3ed661bb-5487-4174-ba3e-0a82b1042af5 [] []
[2023-05-30T18:37:53.427203+00:00] blog.INFO: Save post 6915fa6c-9f40-4d22-ab1b-99507f36619d [] []
[2023-05-30T18:37:53.480567+00:00] blog.INFO: Save post 00c0fc68-7b28-461f-be2f-a886ee94b6d2 [] []
[2023-05-30T18:37:53.549320+00:00] blog.INFO: Save post 8b300cb1-47f9-4abb-8e8b-6c73391d0b82 [] []
[2023-05-30T18:37:53.570733+00:00] blog.INFO: Save post 077a5a53-f16f-4547-b535-4bb2a03bc746 [] []
[2023-05-30T18:37:53.592359+00:00] blog.INFO: Save post c1c728ca-7080-4345-816c-aa57d69c4e83 [] []
[2023-05-30T18:37:53.613753+00:00] blog.INFO: Save post 497d8d58-206b-4959-9069-234a43e092dc [] []
[2023-05-30T18:37:53.635708+00:00] blog.INFO: Save post 256e879e-7e32-4289-9e77-c9aca7a5cd2b [] []
[2023-05-30T18:37:53.655716+00:00] blog.INFO: Save post 7366a33a-4024-459d-b57c-fff1fd1f6c46 [] []
[2023-05-30T18:37:53.675755+00:00] blog.INFO: Save post 3fc90e55-584f-4d7b-9d1f-05c6c5bdce01 [] []
[2023-05-30T18:37:53.695247+00:00] blog.INFO: Save post 1c478f91-6392-489c-838a-ce7275798999 [] []
[2023-05-30T18:37:53.721776+00:00] blog.INFO: Save post 55a4a740-7369-46da-ab87-0a3d65f28a28 [] []
[2023-05-30T18:37:53.742830+00:00] blog.INFO: Save post b83e7a8d-9fad-4ac1-89f0-31edd5d6f4ac [] []
[2023-05-30T18:37:53.764100+00:00] blog.INFO: Save post ae977be9-5698-47fa-89b7-d118d164f303 [] []
[2023-05-30T18:37:53.787969+00:00] blog.INFO: Save post 59b75660-460b-42c0-bff9-3c0f2efd9913 [] []
[2023-05-30T18:37:53.814240+00:00] blog.INFO: Save post b95e5a22-a82b-4ce7-8d66-ad1ede9f195f [] []
[2023-05-30T18:37:53.834420+00:00] blog.INFO: Save post 0e8443ad-f1a3-4fec-abe9-b17f58239a22 [] []
[2023-05-30T18:37:53.856960+00:00] blog.INFO: Save post 9c1e88c2-98fd-4a40-b092-d788bb9e661d [] []
[2023-05-30T18:37:53.880038+00:00] blog.INFO: Save post 01e0a25e-c8b1-4ab6-b2a1-12f6648449c8 [] []
[2023-05-30T18:37:53.900293+00:00] blog.INFO: Save post 08145852-17c7-45c8-a45b-c25f8f5b3f7d [] []
[2023-05-30T18:37:53.920285+00:00] blog.INFO: Save post 0b1fad4e-2022-423c-aa46-4289713fc752 [] []
[2023-05-30T18:37:53.942988+00:00] blog.INFO: Save post d44ab6d5-ef81-4ee6-9a3e-c560e3504832 [] []
[2023-05-30T18:37:53.966255+00:00] blog.INFO: Save post d198e8dd-80c0-4a51-aefb-83f027c23d9e [] []
[2023-05-30T18:37:53.990905+00:00] blog.INFO: Save post 93ba26f9-9105-43cd-948a-d4a5ac1fab9d [] []
[2023-05-30T18:37:54.013883+00:00] blog.INFO: Save post b1041bf3-50cb-439a-a868-54124c5e9265 [] []
[2023-05-30T18:37:54.033667+00:00] blog.INFO: Save post 9732b8eb-cf63-432b-aa62-b3dd66841537 [] []
[2023-05-30T18:37:54.054412+00:00] blog.INFO: Save post 0baf1422-e834-42af-b264-b1e7791fe6f3 [] []
[2023-05-30T18:37:54.075180+00:00] blog.INFO: Save post e6877dbd-6b5a-49e7-b5a8-976a36458518 [] []
[2023-05-30T18:37:54.094924+00:00] blog.INFO: Save post 294a962b-046f-4c72-bd0f-23a611650ad7 [] []
[2023-05-30T18:37:54.114810+00:00] blog.INFO: Save post cca61eaf-e82d-4647-ae92-458fe70862e9 [] []
